00:00:02.309 [main] INFO - Email sent to recipient@example.com
00:00:03.549 [main] INFO - Email sent to testuser@example.com
00:00:03.549 [main] INFO - Email sent to testuser@example.com
00:00:04.549 [main] INFO - Email sent to testuser@example.com
00:00:04.549 [main] INFO - Email sent to testuser@example.com
00:00:04.591 [main] INFO - User validUsername has changed his email to existingEmail@example.com
00:00:04.592 [main] INFO - User validUsername has been updated
00:00:04.592 [main] ERROR - User validUsername could not be updated
00:00:04.601 [main] INFO - User null has logged out
00:22:05.149 [main] INFO - Task permanently deleted: taskId
00:22:05.243 [main] INFO - Task permanently deleted: taskId
00:22:05.266 [main] INFO - Task permanently deleted: taskId
00:22:05.347 [main] INFO - All tasks from user erased: testUser
00:22:06.353 [main] INFO - Category edited: Category to edit to Edited Category
00:22:06.389 [main] INFO - Category created: Test Category
00:22:06.401 [main] INFO - Category deleted: Category to delete
00:22:08.477 [main] INFO - Email sent to recipient@example.com
00:22:09.439 [main] INFO - Email sent to testuser@example.com
00:22:09.440 [main] INFO - Email sent to testuser@example.com
00:22:10.454 [main] INFO - Email sent to testuser@example.com
00:22:10.455 [main] INFO - Email sent to testuser@example.com
00:22:10.502 [main] INFO - User validUsername has changed his email to existingEmail@example.com
00:22:10.503 [main] INFO - User validUsername has been updated
00:22:10.503 [main] ERROR - User validUsername could not be updated
00:22:10.512 [main] INFO - User null has logged out
00:22:55.551 [main] INFO - Task permanently deleted: taskId
00:22:55.647 [main] INFO - Task permanently deleted: taskId
00:22:55.668 [main] INFO - Task permanently deleted: taskId
00:22:55.743 [main] INFO - All tasks from user erased: testUser
00:22:56.442 [main] INFO - Category edited: Category to edit to Edited Category
00:22:56.486 [main] INFO - Category created: Test Category
00:22:56.499 [main] INFO - Category deleted: Category to delete
00:22:58.384 [main] INFO - Email sent to recipient@example.com
00:22:59.353 [main] INFO - Email sent to testuser@example.com
00:22:59.354 [main] INFO - Email sent to testuser@example.com
00:23:00.306 [main] INFO - Email sent to testuser@example.com
00:23:00.306 [main] INFO - Email sent to testuser@example.com
00:23:00.354 [main] INFO - User validUsername has changed his email to existingEmail@example.com
00:23:00.355 [main] INFO - User validUsername has been updated
00:23:00.356 [main] ERROR - User validUsername could not be updated
00:23:00.364 [main] INFO - User null has logged out
00:26:29.588 [main] INFO - Task permanently deleted: taskId
00:26:29.718 [main] INFO - Task permanently deleted: taskId
00:26:29.752 [main] INFO - Task permanently deleted: taskId
00:26:29.905 [main] INFO - All tasks from user erased: testUser
00:26:30.604 [main] INFO - Category edited: Category to edit to Edited Category
00:26:30.641 [main] INFO - Category created: Test Category
00:26:30.654 [main] INFO - Category deleted: Category to delete
00:26:32.850 [main] INFO - Email sent to recipient@example.com
00:26:33.855 [main] INFO - Email sent to testuser@example.com
00:26:33.856 [main] INFO - Email sent to testuser@example.com
00:26:34.794 [main] INFO - Email sent to testuser@example.com
00:26:34.794 [main] INFO - Email sent to testuser@example.com
00:26:34.849 [main] INFO - User validUsername has changed his email to existingEmail@example.com
00:26:34.850 [main] INFO - User validUsername has been updated
00:26:34.851 [main] ERROR - User validUsername could not be updated
00:26:34.859 [main] INFO - User null has logged out
00:37:49.530 [main] INFO - Task permanently deleted: taskId
00:37:49.680 [main] INFO - Task permanently deleted: taskId
00:37:49.709 [main] INFO - Task permanently deleted: taskId
00:37:49.804 [main] INFO - All tasks from user erased: testUser
00:37:50.689 [main] INFO - Category edited: Category to edit to Edited Category
00:37:50.762 [main] INFO - Category created: Test Category
00:37:50.785 [main] INFO - Category deleted: Category to delete
00:37:53.158 [main] INFO - Email sent to recipient@example.com
00:37:54.477 [main] INFO - Email sent to testuser@example.com
00:37:54.478 [main] INFO - Email sent to testuser@example.com
00:37:55.407 [main] INFO - Email sent to testuser@example.com
00:37:55.408 [main] INFO - Email sent to testuser@example.com
00:37:55.485 [main] INFO - User validUsername has changed his email to existingEmail@example.com
00:37:55.486 [main] INFO - User validUsername has been updated
00:37:55.487 [main] ERROR - User validUsername could not be updated
00:37:55.494 [main] INFO - User null has logged out
00:39:05.025 [main] INFO - Task permanently deleted: taskId
00:39:05.118 [main] INFO - Task permanently deleted: taskId
00:39:05.138 [main] INFO - Task permanently deleted: taskId
00:39:05.217 [main] INFO - All tasks from user erased: testUser
00:39:05.903 [main] INFO - Category edited: Category to edit to Edited Category
00:39:05.944 [main] INFO - Category created: Test Category
00:39:05.956 [main] INFO - Category deleted: Category to delete
00:39:08.151 [main] INFO - Email sent to recipient@example.com
00:39:09.149 [main] INFO - Email sent to testuser@example.com
00:39:09.150 [main] INFO - Email sent to testuser@example.com
00:39:10.636 [main] INFO - Email sent to testuser@example.com
00:39:10.637 [main] INFO - Email sent to testuser@example.com
00:39:10.680 [main] INFO - User validUsername has changed his email to existingEmail@example.com
00:39:10.681 [main] INFO - User validUsername has been updated
00:39:10.682 [main] ERROR - User validUsername could not be updated
00:39:10.690 [main] INFO - User null has logged out
00:43:02.151 [main] INFO - Task permanently deleted: taskId
00:43:02.241 [main] INFO - Task permanently deleted: taskId
00:43:02.262 [main] INFO - Task permanently deleted: taskId
00:43:02.354 [main] INFO - All tasks from user erased: testUser
00:43:03.043 [main] INFO - Category edited: Category to edit to Edited Category
00:43:03.084 [main] INFO - Category created: Test Category
00:43:03.095 [main] INFO - Category deleted: Category to delete
00:43:05.251 [main] INFO - Email sent to recipient@example.com
00:43:06.264 [main] INFO - Email sent to testuser@example.com
00:43:06.264 [main] INFO - Email sent to testuser@example.com
00:43:07.229 [main] INFO - Email sent to testuser@example.com
00:43:07.230 [main] INFO - Email sent to testuser@example.com
00:43:07.272 [main] INFO - User validUsername has changed his email to existingEmail@example.com
00:43:07.272 [main] INFO - User validUsername has been updated
00:43:07.273 [main] ERROR - User validUsername could not be updated
00:43:07.282 [main] INFO - User null has logged out
00:43:44.520 [main] INFO - Task permanently deleted: taskId
00:43:44.605 [main] INFO - Task permanently deleted: taskId
00:43:44.625 [main] INFO - Task permanently deleted: taskId
00:43:44.697 [main] INFO - All tasks from user erased: testUser
00:43:45.366 [main] INFO - Category edited: Category to edit to Edited Category
00:43:45.404 [main] INFO - Category created: Test Category
00:43:45.415 [main] INFO - Category deleted: Category to delete
00:43:47.463 [main] INFO - Email sent to recipient@example.com
00:43:48.438 [main] INFO - Email sent to testuser@example.com
00:43:48.438 [main] INFO - Email sent to testuser@example.com
00:43:49.441 [main] INFO - Email sent to testuser@example.com
00:43:49.442 [main] INFO - Email sent to testuser@example.com
00:43:49.484 [main] INFO - User validUsername has changed his email to existingEmail@example.com
00:43:49.485 [main] INFO - User validUsername has been updated
00:43:49.485 [main] ERROR - User validUsername could not be updated
00:43:49.493 [main] INFO - User null has logged out
